21:02:52,819 (main) INFO  [DataNucleus.Enhancer] - DataNucleus Enhancer : Using ClassEnhancer "ASM" for API "JDO"
21:02:53,338 (main) INFO  [DataNucleus.Enhancer] - DataNucleus Enhancer (version 2.1.0-release) : Enhancement of classes
21:02:53,653 (main) WARN  [DataNucleus.MetaData] - Error en el analizo del archivo "file:/D:/DESARROLLO/IT10%20Cooperativa/Tagle/workspace/Tagle%20Servidor/bin/servidor/persistencia/dominio/package.jdo" a la linea 5, columna 6 : cvc-elt.1: No se ha encontrado la declaración del elemento 'jdo'. - Por favor compruebe el DTD y la validad de este MetaData.
21:02:53,757 (main) WARN  [DataNucleus.MetaData] - Error en el analizo del archivo "file:/D:/DESARROLLO/IT10%20Cooperativa/Tagle/workspace/Tagle%20Servidor/src/servidor/persistencia/dominio/package.jdo" a la linea 5, columna 6 : cvc-elt.1: No se ha encontrado la declaración del elemento 'jdo'. - Por favor compruebe el DTD y la validad de este MetaData.
21:02:54,008 (main) INFO  [DataNucleus.MetaData] - La clase "servidor.CargaDatos.CargaDatos" no tiene MetaData o annotaciones.
21:02:54,012 (main) INFO  [DataNucleus.MetaData] - La clase "servidor.CargaDatos.TestClass" no tiene MetaData o annotaciones.
21:02:54,015 (main) INFO  [DataNucleus.MetaData] - La clase "servidor.GUIServidor$1" no tiene MetaData o annotaciones.
21:02:54,018 (main) INFO  [DataNucleus.MetaData] - La clase "servidor.GUIServidor$2" no tiene MetaData o annotaciones.
21:02:54,022 (main) INFO  [DataNucleus.MetaData] - La clase "servidor.GUIServidor" no tiene MetaData o annotaciones.
21:02:54,027 (main) INFO  [DataNucleus.MetaData] - La clase "servidor.GestionarAgente.ControlAgente" no tiene MetaData o annotaciones.
21:02:54,032 (main) INFO  [DataNucleus.MetaData] - La clase "servidor.GestionarBdg.ControlBdg" no tiene MetaData o annotaciones.
21:02:54,037 (main) INFO  [DataNucleus.MetaData] - La clase "servidor.GestionarDevolucion_Pieza.ControlDevolucion_Pieza" no tiene MetaData o annotaciones.
21:02:54,041 (main) INFO  [DataNucleus.MetaData] - La clase "servidor.GestionarEntidad.ControlEntidad" no tiene MetaData o annotaciones.
21:02:54,045 (main) INFO  [DataNucleus.MetaData] - La clase "servidor.GestionarMTelefono.ControlMTelefono" no tiene MetaData o annotaciones.
21:02:54,049 (main) INFO  [DataNucleus.MetaData] - La clase "servidor.GestionarMano_Obra.ControlMano_Obra" no tiene MetaData o annotaciones.
21:02:54,053 (main) INFO  [DataNucleus.MetaData] - La clase "servidor.GestionarMarca.ControlMarca" no tiene MetaData o annotaciones.
21:02:54,057 (main) INFO  [DataNucleus.MetaData] - La clase "servidor.GestionarModelo.ControlModelo" no tiene MetaData o annotaciones.
21:02:54,062 (main) INFO  [DataNucleus.MetaData] - La clase "servidor.GestionarMuleto.ControlMuleto" no tiene MetaData o annotaciones.
21:02:54,066 (main) INFO  [DataNucleus.MetaData] - La clase "servidor.GestionarNotificacion.ControlNotificacion" no tiene MetaData o annotaciones.
21:02:54,070 (main) INFO  [DataNucleus.MetaData] - La clase "servidor.GestionarNotificacion_Reclamo.ControlNotificacion_Reclamo" no tiene MetaData o annotaciones.
21:02:54,075 (main) INFO  [DataNucleus.MetaData] - La clase "servidor.GestionarNotificacion_Usuario.ControlNotificacion_Usuario" no tiene MetaData o annotaciones.
21:02:54,079 (main) INFO  [DataNucleus.MetaData] - La clase "servidor.GestionarOrden.ControlOrden" no tiene MetaData o annotaciones.
21:02:54,083 (main) INFO  [DataNucleus.MetaData] - La clase "servidor.GestionarOrden_Reclamo.ControlOrden_Reclamo" no tiene MetaData o annotaciones.
21:02:54,087 (main) INFO  [DataNucleus.MetaData] - La clase "servidor.GestionarPedido.ControlPedido" no tiene MetaData o annotaciones.
21:02:54,092 (main) INFO  [DataNucleus.MetaData] - La clase "servidor.GestionarPedido_Pieza.ControlPedido_Pieza" no tiene MetaData o annotaciones.
21:02:54,096 (main) INFO  [DataNucleus.MetaData] - La clase "servidor.GestionarPedido_Pieza_Reclamo_Agente.ControlPedido_Pieza_Reclamo_Agente" no tiene MetaData o annotaciones.
21:02:54,101 (main) INFO  [DataNucleus.MetaData] - La clase "servidor.GestionarPedido_Pieza_Reclamo_Fabrica.ControlPedido_Pieza_Reclamo_Fabrica" no tiene MetaData o annotaciones.
21:02:54,105 (main) INFO  [DataNucleus.MetaData] - La clase "servidor.GestionarPieza.ControlPieza" no tiene MetaData o annotaciones.
21:02:54,113 (main) INFO  [DataNucleus.MetaData] - La clase "servidor.GestionarProveedor.ControlProveedor" no tiene MetaData o annotaciones.
21:02:54,117 (main) INFO  [DataNucleus.MetaData] - La clase "servidor.GestionarReclamante.ControlReclamante" no tiene MetaData o annotaciones.
21:02:54,122 (main) INFO  [DataNucleus.MetaData] - La clase "servidor.GestionarReclamante_Reclamo.ControlReclamante_Reclamo" no tiene MetaData o annotaciones.
21:02:54,126 (main) INFO  [DataNucleus.MetaData] - La clase "servidor.GestionarReclamo.ControlReclamo" no tiene MetaData o annotaciones.
21:02:54,133 (main) INFO  [DataNucleus.MetaData] - La clase "servidor.GestionarReclamo_Agente.ControlReclamo_Agente" no tiene MetaData o annotaciones.
21:02:54,137 (main) INFO  [DataNucleus.MetaData] - La clase "servidor.GestionarReclamo_Fabrica.ControlReclamo_Fabrica" no tiene MetaData o annotaciones.
21:02:54,141 (main) INFO  [DataNucleus.MetaData] - La clase "servidor.GestionarRecurso.ControlRecurso" no tiene MetaData o annotaciones.
21:02:54,147 (main) INFO  [DataNucleus.MetaData] - La clase "servidor.GestionarRegistrante.ControlRegistrante" no tiene MetaData o annotaciones.
21:02:54,151 (main) INFO  [DataNucleus.MetaData] - La clase "servidor.GestionarUsuario.ControlUsuario" no tiene MetaData o annotaciones.
21:02:54,155 (main) INFO  [DataNucleus.MetaData] - La clase "servidor.GestionarVehiculo.ControlVehiculo" no tiene MetaData o annotaciones.
21:02:54,157 (main) INFO  [DataNucleus.MetaData] - La clase "servidor.Main" no tiene MetaData o annotaciones.
21:02:54,161 (main) INFO  [DataNucleus.MetaData] - La clase "servidor.Servidor" no tiene MetaData o annotaciones.
21:02:54,163 (main) INFO  [DataNucleus.MetaData] - La clase "servidor.SingletonConexion" no tiene MetaData o annotaciones.
21:02:54,167 (main) INFO  [DataNucleus.MetaData] - La clase "servidor.assembler.AgenteAssembler" no tiene MetaData o annotaciones.
21:02:54,170 (main) INFO  [DataNucleus.MetaData] - La clase "servidor.assembler.BdgAssembler" no tiene MetaData o annotaciones.
21:02:54,173 (main) INFO  [DataNucleus.MetaData] - La clase "servidor.assembler.Devolucion_PiezaAssembler" no tiene MetaData o annotaciones.
21:02:54,176 (main) INFO  [DataNucleus.MetaData] - La clase "servidor.assembler.EntidadAssembler" no tiene MetaData o annotaciones.
21:02:54,179 (main) INFO  [DataNucleus.MetaData] - La clase "servidor.assembler.MTelefonoAssembler" no tiene MetaData o annotaciones.
21:02:54,182 (main) INFO  [DataNucleus.MetaData] - La clase "servidor.assembler.Mano_ObraAssembler" no tiene MetaData o annotaciones.
21:02:54,186 (main) INFO  [DataNucleus.MetaData] - La clase "servidor.assembler.MarcaAssembler" no tiene MetaData o annotaciones.
21:02:54,189 (main) INFO  [DataNucleus.MetaData] - La clase "servidor.assembler.ModeloAssembler" no tiene MetaData o annotaciones.
21:02:54,192 (main) INFO  [DataNucleus.MetaData] - La clase "servidor.assembler.MuletoAssembler" no tiene MetaData o annotaciones.
21:02:54,195 (main) INFO  [DataNucleus.MetaData] - La clase "servidor.assembler.NotificacionAssembler" no tiene MetaData o annotaciones.
21:02:54,199 (main) INFO  [DataNucleus.MetaData] - La clase "servidor.assembler.Notificacion_ReclamoAssembler" no tiene MetaData o annotaciones.
21:02:54,202 (main) INFO  [DataNucleus.MetaData] - La clase "servidor.assembler.Notificacion_UsuarioAssembler" no tiene MetaData o annotaciones.
21:02:54,205 (main) INFO  [DataNucleus.MetaData] - La clase "servidor.assembler.OrdenAssembler" no tiene MetaData o annotaciones.
21:02:54,208 (main) INFO  [DataNucleus.MetaData] - La clase "servidor.assembler.Orden_ReclamoAssembler" no tiene MetaData o annotaciones.
21:02:54,211 (main) INFO  [DataNucleus.MetaData] - La clase "servidor.assembler.PedidoAssembler" no tiene MetaData o annotaciones.
21:02:54,214 (main) INFO  [DataNucleus.MetaData] - La clase "servidor.assembler.Pedido_PiezaAssembler" no tiene MetaData o annotaciones.
21:02:54,216 (main) INFO  [DataNucleus.MetaData] - La clase "servidor.assembler.Pedido_Pieza_Reclamo_AgenteAssembler" no tiene MetaData o annotaciones.
21:02:54,223 (main) INFO  [DataNucleus.MetaData] - La clase "servidor.assembler.Pedido_Pieza_Reclamo_FabricaAssembler" no tiene MetaData o annotaciones.
21:02:54,226 (main) INFO  [DataNucleus.MetaData] - La clase "servidor.assembler.PiezaAssembler" no tiene MetaData o annotaciones.
21:02:54,228 (main) INFO  [DataNucleus.MetaData] - La clase "servidor.assembler.ProveedorAssembler" no tiene MetaData o annotaciones.
21:02:54,231 (main) INFO  [DataNucleus.MetaData] - La clase "servidor.assembler.ReclamanteAssembler" no tiene MetaData o annotaciones.
21:02:54,234 (main) INFO  [DataNucleus.MetaData] - La clase "servidor.assembler.Reclamante_ReclamoAssembler" no tiene MetaData o annotaciones.
21:02:54,237 (main) INFO  [DataNucleus.MetaData] - La clase "servidor.assembler.ReclamoAssembler" no tiene MetaData o annotaciones.
21:02:54,240 (main) INFO  [DataNucleus.MetaData] - La clase "servidor.assembler.Reclamo_AgenteAssembler" no tiene MetaData o annotaciones.
21:02:54,243 (main) INFO  [DataNucleus.MetaData] - La clase "servidor.assembler.Reclamo_FabricaAssembler" no tiene MetaData o annotaciones.
21:02:54,246 (main) INFO  [DataNucleus.MetaData] - La clase "servidor.assembler.RecursoAssembler" no tiene MetaData o annotaciones.
21:02:54,249 (main) INFO  [DataNucleus.MetaData] - La clase "servidor.assembler.RegistranteAssembler" no tiene MetaData o annotaciones.
21:02:54,252 (main) INFO  [DataNucleus.MetaData] - La clase "servidor.assembler.UsuarioAssembler" no tiene MetaData o annotaciones.
21:02:54,254 (main) INFO  [DataNucleus.MetaData] - La clase "servidor.assembler.VehiculoAssembler" no tiene MetaData o annotaciones.
21:02:54,257 (main) INFO  [DataNucleus.MetaData] - La clase "servidor.persistencia.AccesoBD" no tiene MetaData o annotaciones.
21:02:54,260 (main) INFO  [DataNucleus.MetaData] - La clase "servidor.persistencia.ManipuladorPersistencia" no tiene MetaData o annotaciones.
21:02:54,263 (main) INFO  [DataNucleus.MetaData] - La clase "servidor.persistencia.Singleton$NewSingletonHolder" no tiene MetaData o annotaciones.
21:02:54,265 (main) INFO  [DataNucleus.MetaData] - La clase "servidor.persistencia.Singleton" no tiene MetaData o annotaciones.
21:02:54,304 (main) INFO  [DataNucleus.Enhancer] - Class "servidor.persistencia.dominio.Agente" is already enhanced.
21:02:54,305 (main) INFO  [DataNucleus.Enhancer] - ENHANCED (PersistenceCapable) : servidor.persistencia.dominio.Agente
21:02:54,344 (main) INFO  [DataNucleus.Enhancer] - Class "servidor.persistencia.dominio.Bdg" is already enhanced.
21:02:54,344 (main) INFO  [DataNucleus.Enhancer] - ENHANCED (PersistenceCapable) : servidor.persistencia.dominio.Bdg
21:02:54,350 (main) INFO  [DataNucleus.Enhancer] - Class "servidor.persistencia.dominio.Devolucion_Pieza" is already enhanced.
21:02:54,351 (main) INFO  [DataNucleus.Enhancer] - ENHANCED (PersistenceCapable) : servidor.persistencia.dominio.Devolucion_Pieza
21:02:54,352 (main) INFO  [DataNucleus.Enhancer] - Class "servidor.persistencia.dominio.Entidad" is already enhanced.
21:02:54,352 (main) INFO  [DataNucleus.Enhancer] - ENHANCED (PersistenceCapable) : servidor.persistencia.dominio.Entidad
21:02:54,354 (main) INFO  [DataNucleus.Enhancer] - Class "servidor.persistencia.dominio.Mano_Obra" is already enhanced.
21:02:54,355 (main) INFO  [DataNucleus.Enhancer] - ENHANCED (PersistenceCapable) : servidor.persistencia.dominio.Mano_Obra
21:02:54,356 (main) INFO  [DataNucleus.Enhancer] - Class "servidor.persistencia.dominio.Marca" is already enhanced.
21:02:54,358 (main) INFO  [DataNucleus.Enhancer] - ENHANCED (PersistenceCapable) : servidor.persistencia.dominio.Marca
21:02:54,362 (main) INFO  [DataNucleus.Enhancer] - Class "servidor.persistencia.dominio.Modelo" is already enhanced.
21:02:54,363 (main) INFO  [DataNucleus.Enhancer] - ENHANCED (PersistenceCapable) : servidor.persistencia.dominio.Modelo
21:02:54,364 (main) INFO  [DataNucleus.Enhancer] - Class "servidor.persistencia.dominio.MTelefono" is already enhanced.
21:02:54,365 (main) INFO  [DataNucleus.Enhancer] - ENHANCED (PersistenceCapable) : servidor.persistencia.dominio.MTelefono
21:02:54,370 (main) INFO  [DataNucleus.Enhancer] - Class "servidor.persistencia.dominio.Muleto" is already enhanced.
21:02:54,371 (main) INFO  [DataNucleus.Enhancer] - ENHANCED (PersistenceCapable) : servidor.persistencia.dominio.Muleto
21:02:54,372 (main) INFO  [DataNucleus.Enhancer] - Class "servidor.persistencia.dominio.Notificacion_Reclamo" is already enhanced.
21:02:54,372 (main) INFO  [DataNucleus.Enhancer] - ENHANCED (PersistenceCapable) : servidor.persistencia.dominio.Notificacion_Reclamo
21:02:54,374 (main) INFO  [DataNucleus.Enhancer] - Class "servidor.persistencia.dominio.Notificacion_Usuario" is already enhanced.
21:02:54,375 (main) INFO  [DataNucleus.Enhancer] - ENHANCED (PersistenceCapable) : servidor.persistencia.dominio.Notificacion_Usuario
21:02:54,376 (main) INFO  [DataNucleus.Enhancer] - Class "servidor.persistencia.dominio.Notificacion" is already enhanced.
21:02:54,377 (main) INFO  [DataNucleus.Enhancer] - ENHANCED (PersistenceCapable) : servidor.persistencia.dominio.Notificacion
21:02:54,379 (main) INFO  [DataNucleus.Enhancer] - Class "servidor.persistencia.dominio.Orden_Reclamo" is already enhanced.
21:02:54,379 (main) INFO  [DataNucleus.Enhancer] - ENHANCED (PersistenceCapable) : servidor.persistencia.dominio.Orden_Reclamo
21:02:54,384 (main) INFO  [DataNucleus.Enhancer] - Class "servidor.persistencia.dominio.Orden" is already enhanced.
21:02:54,384 (main) INFO  [DataNucleus.Enhancer] - ENHANCED (PersistenceCapable) : servidor.persistencia.dominio.Orden
21:02:54,386 (main) INFO  [DataNucleus.Enhancer] - Class "servidor.persistencia.dominio.Pedido_Pieza_Reclamo_Agente" is already enhanced.
21:02:54,386 (main) INFO  [DataNucleus.Enhancer] - ENHANCED (PersistenceCapable) : servidor.persistencia.dominio.Pedido_Pieza_Reclamo_Agente
21:02:54,391 (main) INFO  [DataNucleus.Enhancer] - Class "servidor.persistencia.dominio.Pedido_Pieza_Reclamo_Fabrica" is already enhanced.
21:02:54,391 (main) INFO  [DataNucleus.Enhancer] - ENHANCED (PersistenceCapable) : servidor.persistencia.dominio.Pedido_Pieza_Reclamo_Fabrica
21:02:54,393 (main) INFO  [DataNucleus.Enhancer] - Class "servidor.persistencia.dominio.Pedido_Pieza" is already enhanced.
21:02:54,393 (main) INFO  [DataNucleus.Enhancer] - ENHANCED (PersistenceCapable) : servidor.persistencia.dominio.Pedido_Pieza
21:02:54,394 (main) INFO  [DataNucleus.Enhancer] - Class "servidor.persistencia.dominio.Pedido" is already enhanced.
21:02:54,395 (main) INFO  [DataNucleus.Enhancer] - ENHANCED (PersistenceCapable) : servidor.persistencia.dominio.Pedido
21:02:54,396 (main) INFO  [DataNucleus.Enhancer] - Class "servidor.persistencia.dominio.Pieza" is already enhanced.
21:02:54,396 (main) INFO  [DataNucleus.Enhancer] - ENHANCED (PersistenceCapable) : servidor.persistencia.dominio.Pieza
21:02:54,399 (main) INFO  [DataNucleus.Enhancer] - Class "servidor.persistencia.dominio.Proveedor" is already enhanced.
21:02:54,399 (main) INFO  [DataNucleus.Enhancer] - ENHANCED (PersistenceCapable) : servidor.persistencia.dominio.Proveedor
21:02:54,401 (main) INFO  [DataNucleus.Enhancer] - Class "servidor.persistencia.dominio.Reclamante_Reclamo" is already enhanced.
21:02:54,402 (main) INFO  [DataNucleus.Enhancer] - ENHANCED (PersistenceCapable) : servidor.persistencia.dominio.Reclamante_Reclamo
21:02:54,403 (main) INFO  [DataNucleus.Enhancer] - Class "servidor.persistencia.dominio.Reclamante" is already enhanced.
21:02:54,403 (main) INFO  [DataNucleus.Enhancer] - ENHANCED (PersistenceCapable) : servidor.persistencia.dominio.Reclamante
21:02:54,404 (main) INFO  [DataNucleus.Enhancer] - Class "servidor.persistencia.dominio.Reclamo_Agente" is already enhanced.
21:02:54,404 (main) INFO  [DataNucleus.Enhancer] - ENHANCED (PersistenceCapable) : servidor.persistencia.dominio.Reclamo_Agente
21:02:54,406 (main) INFO  [DataNucleus.Enhancer] - Class "servidor.persistencia.dominio.Reclamo_Fabrica" is already enhanced.
21:02:54,406 (main) INFO  [DataNucleus.Enhancer] - ENHANCED (PersistenceCapable) : servidor.persistencia.dominio.Reclamo_Fabrica
21:02:54,408 (main) INFO  [DataNucleus.Enhancer] - Class "servidor.persistencia.dominio.Reclamo" is already enhanced.
21:02:54,408 (main) INFO  [DataNucleus.Enhancer] - ENHANCED (PersistenceCapable) : servidor.persistencia.dominio.Reclamo
21:02:54,409 (main) INFO  [DataNucleus.Enhancer] - Class "servidor.persistencia.dominio.Recurso" is already enhanced.
21:02:54,409 (main) INFO  [DataNucleus.Enhancer] - ENHANCED (PersistenceCapable) : servidor.persistencia.dominio.Recurso
21:02:54,410 (main) INFO  [DataNucleus.Enhancer] - Class "servidor.persistencia.dominio.Registrante" is already enhanced.
21:02:54,410 (main) INFO  [DataNucleus.Enhancer] - ENHANCED (PersistenceCapable) : servidor.persistencia.dominio.Registrante
21:02:54,412 (main) INFO  [DataNucleus.Enhancer] - Class "servidor.persistencia.dominio.Usuario" is already enhanced.
21:02:54,412 (main) INFO  [DataNucleus.Enhancer] - ENHANCED (PersistenceCapable) : servidor.persistencia.dominio.Usuario
21:02:54,413 (main) INFO  [DataNucleus.Enhancer] - Class "servidor.persistencia.dominio.Vehiculo" is already enhanced.
21:02:54,413 (main) INFO  [DataNucleus.Enhancer] - ENHANCED (PersistenceCapable) : servidor.persistencia.dominio.Vehiculo
21:02:54,415 (main) INFO  [DataNucleus.Enhancer] - DataNucleus Enhancer completed with success for 29 classes. Timings : input=924 ms, enhance=142 ms, total=1066 ms. Consult the log for full details
21:03:15,458 (main) INFO  [DataNucleus.Enhancer] - DataNucleus Enhancer : Using ClassEnhancer "ASM" for API "JDO"
21:03:15,920 (main) INFO  [DataNucleus.Enhancer] - DataNucleus Enhancer (version 2.1.0-release) : Enhancement of classes
21:03:16,261 (main) WARN  [DataNucleus.MetaData] - Error en el analizo del archivo "file:/D:/DESARROLLO/IT10%20Cooperativa/Tagle/workspace/Tagle%20Servidor/bin/servidor/persistencia/dominio/package.jdo" a la linea 5, columna 6 : cvc-elt.1: No se ha encontrado la declaración del elemento 'jdo'. - Por favor compruebe el DTD y la validad de este MetaData.
21:03:16,380 (main) WARN  [DataNucleus.MetaData] - Error en el analizo del archivo "file:/D:/DESARROLLO/IT10%20Cooperativa/Tagle/workspace/Tagle%20Servidor/src/servidor/persistencia/dominio/package.jdo" a la linea 5, columna 6 : cvc-elt.1: No se ha encontrado la declaración del elemento 'jdo'. - Por favor compruebe el DTD y la validad de este MetaData.
21:03:16,649 (main) INFO  [DataNucleus.MetaData] - La clase "servidor.CargaDatos.CargaDatos" no tiene MetaData o annotaciones.
21:03:16,653 (main) INFO  [DataNucleus.MetaData] - La clase "servidor.CargaDatos.TestClass" no tiene MetaData o annotaciones.
21:03:16,657 (main) INFO  [DataNucleus.MetaData] - La clase "servidor.GUIServidor$1" no tiene MetaData o annotaciones.
21:03:16,660 (main) INFO  [DataNucleus.MetaData] - La clase "servidor.GUIServidor$2" no tiene MetaData o annotaciones.
21:03:16,664 (main) INFO  [DataNucleus.MetaData] - La clase "servidor.GUIServidor" no tiene MetaData o annotaciones.
21:03:16,670 (main) INFO  [DataNucleus.MetaData] - La clase "servidor.GestionarAgente.ControlAgente" no tiene MetaData o annotaciones.
21:03:16,675 (main) INFO  [DataNucleus.MetaData] - La clase "servidor.GestionarBdg.ControlBdg" no tiene MetaData o annotaciones.
21:03:16,680 (main) INFO  [DataNucleus.MetaData] - La clase "servidor.GestionarDevolucion_Pieza.ControlDevolucion_Pieza" no tiene MetaData o annotaciones.
21:03:16,684 (main) INFO  [DataNucleus.MetaData] - La clase "servidor.GestionarEntidad.ControlEntidad" no tiene MetaData o annotaciones.
21:03:16,689 (main) INFO  [DataNucleus.MetaData] - La clase "servidor.GestionarMTelefono.ControlMTelefono" no tiene MetaData o annotaciones.
21:03:16,694 (main) INFO  [DataNucleus.MetaData] - La clase "servidor.GestionarMano_Obra.ControlMano_Obra" no tiene MetaData o annotaciones.
21:03:16,698 (main) INFO  [DataNucleus.MetaData] - La clase "servidor.GestionarMarca.ControlMarca" no tiene MetaData o annotaciones.
21:03:16,703 (main) INFO  [DataNucleus.MetaData] - La clase "servidor.GestionarModelo.ControlModelo" no tiene MetaData o annotaciones.
21:03:16,707 (main) INFO  [DataNucleus.MetaData] - La clase "servidor.GestionarMuleto.ControlMuleto" no tiene MetaData o annotaciones.
21:03:16,712 (main) INFO  [DataNucleus.MetaData] - La clase "servidor.GestionarNotificacion.ControlNotificacion" no tiene MetaData o annotaciones.
21:03:16,717 (main) INFO  [DataNucleus.MetaData] - La clase "servidor.GestionarNotificacion_Reclamo.ControlNotificacion_Reclamo" no tiene MetaData o annotaciones.
21:03:16,722 (main) INFO  [DataNucleus.MetaData] - La clase "servidor.GestionarNotificacion_Usuario.ControlNotificacion_Usuario" no tiene MetaData o annotaciones.
21:03:16,726 (main) INFO  [DataNucleus.MetaData] - La clase "servidor.GestionarOrden.ControlOrden" no tiene MetaData o annotaciones.
21:03:16,731 (main) INFO  [DataNucleus.MetaData] - La clase "servidor.GestionarOrden_Reclamo.ControlOrden_Reclamo" no tiene MetaData o annotaciones.
21:03:16,735 (main) INFO  [DataNucleus.MetaData] - La clase "servidor.GestionarPedido.ControlPedido" no tiene MetaData o annotaciones.
21:03:16,741 (main) INFO  [DataNucleus.MetaData] - La clase "servidor.GestionarPedido_Pieza.ControlPedido_Pieza" no tiene MetaData o annotaciones.
21:03:16,745 (main) INFO  [DataNucleus.MetaData] - La clase "servidor.GestionarPedido_Pieza_Reclamo_Agente.ControlPedido_Pieza_Reclamo_Agente" no tiene MetaData o annotaciones.
21:03:16,750 (main) INFO  [DataNucleus.MetaData] - La clase "servidor.GestionarPedido_Pieza_Reclamo_Fabrica.ControlPedido_Pieza_Reclamo_Fabrica" no tiene MetaData o annotaciones.
21:03:16,755 (main) INFO  [DataNucleus.MetaData] - La clase "servidor.GestionarPieza.ControlPieza" no tiene MetaData o annotaciones.
21:03:16,764 (main) INFO  [DataNucleus.MetaData] - La clase "servidor.GestionarProveedor.ControlProveedor" no tiene MetaData o annotaciones.
21:03:16,769 (main) INFO  [DataNucleus.MetaData] - La clase "servidor.GestionarReclamante.ControlReclamante" no tiene MetaData o annotaciones.
21:03:16,773 (main) INFO  [DataNucleus.MetaData] - La clase "servidor.GestionarReclamante_Reclamo.ControlReclamante_Reclamo" no tiene MetaData o annotaciones.
21:03:16,778 (main) INFO  [DataNucleus.MetaData] - La clase "servidor.GestionarReclamo.ControlReclamo" no tiene MetaData o annotaciones.
21:03:16,782 (main) INFO  [DataNucleus.MetaData] - La clase "servidor.GestionarReclamo_Agente.ControlReclamo_Agente" no tiene MetaData o annotaciones.
21:03:16,786 (main) INFO  [DataNucleus.MetaData] - La clase "servidor.GestionarReclamo_Fabrica.ControlReclamo_Fabrica" no tiene MetaData o annotaciones.
21:03:16,790 (main) INFO  [DataNucleus.MetaData] - La clase "servidor.GestionarRecurso.ControlRecurso" no tiene MetaData o annotaciones.
21:03:16,795 (main) INFO  [DataNucleus.MetaData] - La clase "servidor.GestionarRegistrante.ControlRegistrante" no tiene MetaData o annotaciones.
21:03:16,799 (main) INFO  [DataNucleus.MetaData] - La clase "servidor.GestionarUsuario.ControlUsuario" no tiene MetaData o annotaciones.
21:03:16,803 (main) INFO  [DataNucleus.MetaData] - La clase "servidor.GestionarVehiculo.ControlVehiculo" no tiene MetaData o annotaciones.
21:03:16,806 (main) INFO  [DataNucleus.MetaData] - La clase "servidor.Main" no tiene MetaData o annotaciones.
21:03:16,810 (main) INFO  [DataNucleus.MetaData] - La clase "servidor.Servidor" no tiene MetaData o annotaciones.
21:03:16,812 (main) INFO  [DataNucleus.MetaData] - La clase "servidor.SingletonConexion" no tiene MetaData o annotaciones.
21:03:16,816 (main) INFO  [DataNucleus.MetaData] - La clase "servidor.assembler.AgenteAssembler" no tiene MetaData o annotaciones.
21:03:16,819 (main) INFO  [DataNucleus.MetaData] - La clase "servidor.assembler.BdgAssembler" no tiene MetaData o annotaciones.
21:03:16,822 (main) INFO  [DataNucleus.MetaData] - La clase "servidor.assembler.Devolucion_PiezaAssembler" no tiene MetaData o annotaciones.
21:03:16,826 (main) INFO  [DataNucleus.MetaData] - La clase "servidor.assembler.EntidadAssembler" no tiene MetaData o annotaciones.
21:03:16,829 (main) INFO  [DataNucleus.MetaData] - La clase "servidor.assembler.MTelefonoAssembler" no tiene MetaData o annotaciones.
21:03:16,832 (main) INFO  [DataNucleus.MetaData] - La clase "servidor.assembler.Mano_ObraAssembler" no tiene MetaData o annotaciones.
21:03:16,836 (main) INFO  [DataNucleus.MetaData] - La clase "servidor.assembler.MarcaAssembler" no tiene MetaData o annotaciones.
21:03:16,840 (main) INFO  [DataNucleus.MetaData] - La clase "servidor.assembler.ModeloAssembler" no tiene MetaData o annotaciones.
21:03:16,843 (main) INFO  [DataNucleus.MetaData] - La clase "servidor.assembler.MuletoAssembler" no tiene MetaData o annotaciones.
21:03:16,846 (main) INFO  [DataNucleus.MetaData] - La clase "servidor.assembler.NotificacionAssembler" no tiene MetaData o annotaciones.
21:03:16,850 (main) INFO  [DataNucleus.MetaData] - La clase "servidor.assembler.Notificacion_ReclamoAssembler" no tiene MetaData o annotaciones.
21:03:16,853 (main) INFO  [DataNucleus.MetaData] - La clase "servidor.assembler.Notificacion_UsuarioAssembler" no tiene MetaData o annotaciones.
21:03:16,856 (main) INFO  [DataNucleus.MetaData] - La clase "servidor.assembler.OrdenAssembler" no tiene MetaData o annotaciones.
21:03:16,859 (main) INFO  [DataNucleus.MetaData] - La clase "servidor.assembler.Orden_ReclamoAssembler" no tiene MetaData o annotaciones.
21:03:16,862 (main) INFO  [DataNucleus.MetaData] - La clase "servidor.assembler.PedidoAssembler" no tiene MetaData o annotaciones.
21:03:16,865 (main) INFO  [DataNucleus.MetaData] - La clase "servidor.assembler.Pedido_PiezaAssembler" no tiene MetaData o annotaciones.
21:03:16,869 (main) INFO  [DataNucleus.MetaData] - La clase "servidor.assembler.Pedido_Pieza_Reclamo_AgenteAssembler" no tiene MetaData o annotaciones.
21:03:16,875 (main) INFO  [DataNucleus.MetaData] - La clase "servidor.assembler.Pedido_Pieza_Reclamo_FabricaAssembler" no tiene MetaData o annotaciones.
21:03:16,878 (main) INFO  [DataNucleus.MetaData] - La clase "servidor.assembler.PiezaAssembler" no tiene MetaData o annotaciones.
21:03:16,881 (main) INFO  [DataNucleus.MetaData] - La clase "servidor.assembler.ProveedorAssembler" no tiene MetaData o annotaciones.
21:03:16,884 (main) INFO  [DataNucleus.MetaData] - La clase "servidor.assembler.ReclamanteAssembler" no tiene MetaData o annotaciones.
21:03:16,887 (main) INFO  [DataNucleus.MetaData] - La clase "servidor.assembler.Reclamante_ReclamoAssembler" no tiene MetaData o annotaciones.
21:03:16,890 (main) INFO  [DataNucleus.MetaData] - La clase "servidor.assembler.ReclamoAssembler" no tiene MetaData o annotaciones.
21:03:16,894 (main) INFO  [DataNucleus.MetaData] - La clase "servidor.assembler.Reclamo_AgenteAssembler" no tiene MetaData o annotaciones.
21:03:16,897 (main) INFO  [DataNucleus.MetaData] - La clase "servidor.assembler.Reclamo_FabricaAssembler" no tiene MetaData o annotaciones.
21:03:16,900 (main) INFO  [DataNucleus.MetaData] - La clase "servidor.assembler.RecursoAssembler" no tiene MetaData o annotaciones.
21:03:16,903 (main) INFO  [DataNucleus.MetaData] - La clase "servidor.assembler.RegistranteAssembler" no tiene MetaData o annotaciones.
21:03:16,906 (main) INFO  [DataNucleus.MetaData] - La clase "servidor.assembler.UsuarioAssembler" no tiene MetaData o annotaciones.
21:03:16,909 (main) INFO  [DataNucleus.MetaData] - La clase "servidor.assembler.VehiculoAssembler" no tiene MetaData o annotaciones.
21:03:16,913 (main) INFO  [DataNucleus.MetaData] - La clase "servidor.persistencia.AccesoBD" no tiene MetaData o annotaciones.
21:03:16,916 (main) INFO  [DataNucleus.MetaData] - La clase "servidor.persistencia.ManipuladorPersistencia" no tiene MetaData o annotaciones.
21:03:16,919 (main) INFO  [DataNucleus.MetaData] - La clase "servidor.persistencia.Singleton$NewSingletonHolder" no tiene MetaData o annotaciones.
21:03:16,922 (main) INFO  [DataNucleus.MetaData] - La clase "servidor.persistencia.Singleton" no tiene MetaData o annotaciones.
21:03:16,965 (main) INFO  [DataNucleus.Enhancer] - Class "servidor.persistencia.dominio.Agente" is already enhanced.
21:03:16,965 (main) INFO  [DataNucleus.Enhancer] - ENHANCED (PersistenceCapable) : servidor.persistencia.dominio.Agente
21:03:17,002 (main) INFO  [DataNucleus.Enhancer] - Class "servidor.persistencia.dominio.Bdg" is already enhanced.
21:03:17,002 (main) INFO  [DataNucleus.Enhancer] - ENHANCED (PersistenceCapable) : servidor.persistencia.dominio.Bdg
21:03:17,004 (main) INFO  [DataNucleus.Enhancer] - Class "servidor.persistencia.dominio.Devolucion_Pieza" is already enhanced.
21:03:17,004 (main) INFO  [DataNucleus.Enhancer] - ENHANCED (PersistenceCapable) : servidor.persistencia.dominio.Devolucion_Pieza
21:03:17,006 (main) INFO  [DataNucleus.Enhancer] - Class "servidor.persistencia.dominio.Entidad" is already enhanced.
21:03:17,006 (main) INFO  [DataNucleus.Enhancer] - ENHANCED (PersistenceCapable) : servidor.persistencia.dominio.Entidad
21:03:17,008 (main) INFO  [DataNucleus.Enhancer] - Class "servidor.persistencia.dominio.Mano_Obra" is already enhanced.
21:03:17,008 (main) INFO  [DataNucleus.Enhancer] - ENHANCED (PersistenceCapable) : servidor.persistencia.dominio.Mano_Obra
21:03:17,009 (main) INFO  [DataNucleus.Enhancer] - Class "servidor.persistencia.dominio.Marca" is already enhanced.
21:03:17,009 (main) INFO  [DataNucleus.Enhancer] - ENHANCED (PersistenceCapable) : servidor.persistencia.dominio.Marca
21:03:17,011 (main) INFO  [DataNucleus.Enhancer] - Class "servidor.persistencia.dominio.Modelo" is already enhanced.
21:03:17,011 (main) INFO  [DataNucleus.Enhancer] - ENHANCED (PersistenceCapable) : servidor.persistencia.dominio.Modelo
21:03:17,012 (main) INFO  [DataNucleus.Enhancer] - Class "servidor.persistencia.dominio.MTelefono" is already enhanced.
21:03:17,013 (main) INFO  [DataNucleus.Enhancer] - ENHANCED (PersistenceCapable) : servidor.persistencia.dominio.MTelefono
21:03:17,023 (main) INFO  [DataNucleus.Enhancer] - Class "servidor.persistencia.dominio.Muleto" is already enhanced.
21:03:17,023 (main) INFO  [DataNucleus.Enhancer] - ENHANCED (PersistenceCapable) : servidor.persistencia.dominio.Muleto
21:03:17,025 (main) INFO  [DataNucleus.Enhancer] - Class "servidor.persistencia.dominio.Notificacion_Reclamo" is already enhanced.
21:03:17,025 (main) INFO  [DataNucleus.Enhancer] - ENHANCED (PersistenceCapable) : servidor.persistencia.dominio.Notificacion_Reclamo
21:03:17,026 (main) INFO  [DataNucleus.Enhancer] - Class "servidor.persistencia.dominio.Notificacion_Usuario" is already enhanced.
21:03:17,026 (main) INFO  [DataNucleus.Enhancer] - ENHANCED (PersistenceCapable) : servidor.persistencia.dominio.Notificacion_Usuario
21:03:17,028 (main) INFO  [DataNucleus.Enhancer] - Class "servidor.persistencia.dominio.Notificacion" is already enhanced.
21:03:17,028 (main) INFO  [DataNucleus.Enhancer] - ENHANCED (PersistenceCapable) : servidor.persistencia.dominio.Notificacion
21:03:17,030 (main) INFO  [DataNucleus.Enhancer] - Class "servidor.persistencia.dominio.Orden_Reclamo" is already enhanced.
21:03:17,030 (main) INFO  [DataNucleus.Enhancer] - ENHANCED (PersistenceCapable) : servidor.persistencia.dominio.Orden_Reclamo
21:03:17,031 (main) INFO  [DataNucleus.Enhancer] - Class "servidor.persistencia.dominio.Orden" is already enhanced.
21:03:17,032 (main) INFO  [DataNucleus.Enhancer] - ENHANCED (PersistenceCapable) : servidor.persistencia.dominio.Orden
21:03:17,033 (main) INFO  [DataNucleus.Enhancer] - Class "servidor.persistencia.dominio.Pedido_Pieza_Reclamo_Agente" is already enhanced.
21:03:17,033 (main) INFO  [DataNucleus.Enhancer] - ENHANCED (PersistenceCapable) : servidor.persistencia.dominio.Pedido_Pieza_Reclamo_Agente
21:03:17,036 (main) INFO  [DataNucleus.Enhancer] - Class "servidor.persistencia.dominio.Pedido_Pieza_Reclamo_Fabrica" is already enhanced.
21:03:17,036 (main) INFO  [DataNucleus.Enhancer] - ENHANCED (PersistenceCapable) : servidor.persistencia.dominio.Pedido_Pieza_Reclamo_Fabrica
21:03:17,038 (main) INFO  [DataNucleus.Enhancer] - Class "servidor.persistencia.dominio.Pedido_Pieza" is already enhanced.
21:03:17,038 (main) INFO  [DataNucleus.Enhancer] - ENHANCED (PersistenceCapable) : servidor.persistencia.dominio.Pedido_Pieza
21:03:17,040 (main) INFO  [DataNucleus.Enhancer] - Class "servidor.persistencia.dominio.Pedido" is already enhanced.
21:03:17,040 (main) INFO  [DataNucleus.Enhancer] - ENHANCED (PersistenceCapable) : servidor.persistencia.dominio.Pedido
21:03:17,041 (main) INFO  [DataNucleus.Enhancer] - Class "servidor.persistencia.dominio.Pieza" is already enhanced.
21:03:17,042 (main) INFO  [DataNucleus.Enhancer] - ENHANCED (PersistenceCapable) : servidor.persistencia.dominio.Pieza
21:03:17,049 (main) INFO  [DataNucleus.Enhancer] - Class "servidor.persistencia.dominio.Proveedor" is already enhanced.
21:03:17,050 (main) INFO  [DataNucleus.Enhancer] - ENHANCED (PersistenceCapable) : servidor.persistencia.dominio.Proveedor
21:03:17,051 (main) INFO  [DataNucleus.Enhancer] - Class "servidor.persistencia.dominio.Reclamante_Reclamo" is already enhanced.
21:03:17,051 (main) INFO  [DataNucleus.Enhancer] - ENHANCED (PersistenceCapable) : servidor.persistencia.dominio.Reclamante_Reclamo
21:03:17,053 (main) INFO  [DataNucleus.Enhancer] - Class "servidor.persistencia.dominio.Reclamante" is already enhanced.
21:03:17,053 (main) INFO  [DataNucleus.Enhancer] - ENHANCED (PersistenceCapable) : servidor.persistencia.dominio.Reclamante
21:03:17,054 (main) INFO  [DataNucleus.Enhancer] - Class "servidor.persistencia.dominio.Reclamo_Agente" is already enhanced.
21:03:17,055 (main) INFO  [DataNucleus.Enhancer] - ENHANCED (PersistenceCapable) : servidor.persistencia.dominio.Reclamo_Agente
21:03:17,056 (main) INFO  [DataNucleus.Enhancer] - Class "servidor.persistencia.dominio.Reclamo_Fabrica" is already enhanced.
21:03:17,056 (main) INFO  [DataNucleus.Enhancer] - ENHANCED (PersistenceCapable) : servidor.persistencia.dominio.Reclamo_Fabrica
21:03:17,058 (main) INFO  [DataNucleus.Enhancer] - Class "servidor.persistencia.dominio.Reclamo" is already enhanced.
21:03:17,058 (main) INFO  [DataNucleus.Enhancer] - ENHANCED (PersistenceCapable) : servidor.persistencia.dominio.Reclamo
21:03:17,060 (main) INFO  [DataNucleus.Enhancer] - Class "servidor.persistencia.dominio.Recurso" is already enhanced.
21:03:17,060 (main) INFO  [DataNucleus.Enhancer] - ENHANCED (PersistenceCapable) : servidor.persistencia.dominio.Recurso
21:03:17,062 (main) INFO  [DataNucleus.Enhancer] - Class "servidor.persistencia.dominio.Registrante" is already enhanced.
21:03:17,062 (main) INFO  [DataNucleus.Enhancer] - ENHANCED (PersistenceCapable) : servidor.persistencia.dominio.Registrante
21:03:17,064 (main) INFO  [DataNucleus.Enhancer] - Class "servidor.persistencia.dominio.Usuario" is already enhanced.
21:03:17,064 (main) INFO  [DataNucleus.Enhancer] - ENHANCED (PersistenceCapable) : servidor.persistencia.dominio.Usuario
21:03:17,066 (main) INFO  [DataNucleus.Enhancer] - Class "servidor.persistencia.dominio.Vehiculo" is already enhanced.
21:03:17,066 (main) INFO  [DataNucleus.Enhancer] - ENHANCED (PersistenceCapable) : servidor.persistencia.dominio.Vehiculo
21:03:17,068 (main) INFO  [DataNucleus.Enhancer] - DataNucleus Enhancer completed with success for 29 classes. Timings : input=999 ms, enhance=138 ms, total=1137 ms. Consult the log for full details
